<?xml version="1.0" encoding="UTF-8"?>
<!-- Generated by org.testng.reporters.JUnitReportReporter -->
<testsuite hostname="Acer" name="GridExample" tests="1" failures="0" timestamp="13 Jun 2015 23:29:19 GMT" time="1.157" errors="0">
  <testcase name="simpleTest" time="1.157" classname="GridExample"/>
</testsuite> <!-- GridExample -->
