<?xml version="1.0" encoding="UTF-8"?>
<!-- Generated by org.testng.reporters.JUnitReportReporter -->
<testsuite hostname="Acer" name="GmailVerificationTest" tests="2" failures="0" timestamp="13 Jun 2015 20:29:20 GMT" time="7.755" errors="0">
  <testcase name="launchGmail" time="7.755" classname="GmailVerificationTest"/>
  <testcase name="loginGmail" time="0.000" classname="GmailVerificationTest"/>
</testsuite> <!-- GmailVerificationTest -->
