<?xml version="1.0" encoding="UTF-8"?>
<!-- Generated by org.testng.reporters.JUnitReportReporter -->
<testsuite hostname="Acer" name="Login" tests="1" failures="0" timestamp="15 Jun 2015 02:30:31 GMT" time="21.148" errors="0">
  <testcase name="testGmail" time="21.148" classname="Login"/>
</testsuite> <!-- Login -->
