<?xml version="1.0" encoding="UTF-8"?>
<!-- Generated by org.testng.reporters.JUnitReportReporter -->
<testsuite hostname="Acer" name="StringReplaceCharTest" tests="2" failures="0" timestamp="8 Jun 2015 00:19:12 GMT" time="0.020" errors="0">
  <testcase name="checkCharPresent" time="0.020" classname="StringReplaceCharTest"/>
  <testcase name="checkCharPresent" time="0.000" classname="StringReplaceCharTest"/>
</testsuite> <!-- StringReplaceCharTest -->
