<?xml version="1.0" encoding="UTF-8"?>
<!-- Generated by org.testng.reporters.JUnitReportReporter -->
<testsuite hostname="Acer" name="ExceptionTest" tests="1" failures="0" timestamp="15 Jun 2015 22:35:11 GMT" time="0.000" errors="0">
  <testcase name="divisionWithException" time="0.000" classname="ExceptionTest"/>
</testsuite> <!-- ExceptionTest -->
