<?xml version="1.0" encoding="UTF-8"?>
<!-- Generated by org.testng.reporters.JUnitReportReporter -->
<testsuite hostname="Acer" name="StringReverseTest" tests="4" failures="0" timestamp="15 Jun 2015 22:35:11 GMT" time="0.016" errors="0">
  <testcase name="checkPalindrome" time="0.016" classname="StringReverseTest"/>
  <testcase name="testStringRev" time="0.000" classname="StringReverseTest"/>
  <testcase name="checkSpecialCharacters" time="0.000" classname="StringReverseTest"/>
  <testcase name="testStringRev" time="0.000" classname="StringReverseTest"/>
</testsuite> <!-- StringReverseTest -->
