<?xml version="1.0" encoding="UTF-8"?>
<!-- Generated by org.testng.reporters.JUnitReportReporter -->
<testsuite hostname="Acer" name="AlertDemo" tests="1" failures="0" timestamp="21 Jun 2015 23:16:00 GMT" time="0.626" errors="0">
  <testcase name="TestWebAlert" time="0.626" classname="AlertDemo"/>
</testsuite> <!-- AlertDemo -->
