<?xml version="1.0" encoding="UTF-8"?>
<!-- Generated by org.testng.reporters.JUnitReportReporter -->
<testsuite hostname="Acer" name="ParameterTest" tests="3" failures="0" timestamp="15 Jun 2015 22:35:11 GMT" time="0.015" errors="0">
  <testcase name="prameterTestThree" time="0.000" classname="ParameterTest"/>
  <testcase name="prameterTestTwo" time="0.015" classname="ParameterTest"/>
  <testcase name="prameterTestOne" time="0.000" classname="ParameterTest"/>
</testsuite> <!-- ParameterTest -->
